# JRE version: Java(TM) SE Runtime Environment (8.0_221-b11) (build 1.8.0_221-b11)
# Java VM: Java HotSpot(TM) 64-Bit Server VM (25.221-b11 mixed mode bsd-amd64 compressed oops)
Heap:
 PSYoungGen      total 2621440K, used 1230630K [0x0000000715580000, 0x00000007c0000000, 0x00000007c0000000)
  eden space 2536960K, 47% used [0x0000000715580000,0x000000075f4078a8,0x00000007b0300000)
  from space 84480K, 23% used [0x00000007b0300000,0x00000007b1642108,0x00000007b5580000)
  to   space 81920K, 0% used [0x00000007bb000000,0x00000007bb000000,0x00000007c0000000)
 ParOldGen       total 326656K, used 182147K [0x00000005c0000000, 0x00000005d3f00000, 0x0000000715580000)
  object space 326656K, 55% used [0x00000005c0000000,0x00000005cb1e0fd0,0x00000005d3f00000)
 Metaspace       used 25373K, capacity 25850K, committed 26112K, reserved 1073152K
  class space    used 2670K, capacity 2815K, committed 2816K, reserved 1048576K
GC Heap History (10 events):
Event: 162.724 GC heap before
{Heap before GC invocations=10 (full 1):
 PSYoungGen      total 1116672K, used 1052775K [0x0000000715580000, 0x000000075fc00000, 0x00000007c0000000)
  eden space 1038848K, 100% used [0x0000000715580000,0x0000000754c00000,0x0000000754c00000)
  from space 77824K, 17% used [0x000000075b000000,0x000000075bd99d78,0x000000075fc00000)
  to   space 90112K, 0% used [0x0000000754c00000,0x0000000754c00000,0x000000075a400000)
 ParOldGen       total 326656K, used 127726K [0x00000005c0000000, 0x00000005d3f00000, 0x0000000715580000)
  object space 326656K, 39% used [0x00000005c0000000,0x00000005c7cbb958,0x00000005d3f00000)
 Metaspace       used 24134K, capacity 24590K, committed 24832K, reserved 1071104K
  class space    used 2631K, capacity 2745K, committed 2816K, reserved 1048576K
Event: 162.747 GC heap after
Heap after GC invocations=10 (full 1):
 PSYoungGen      total 1128960K, used 21862K [0x0000000715580000, 0x0000000784500000, 0x00000007c0000000)
  eden space 1038848K, 0% used [0x0000000715580000,0x0000000715580000,0x0000000754c00000)
  from space 90112K, 24% used [0x0000000754c00000,0x0000000756159820,0x000000075a400000)
  to   space 88576K, 0% used [0x000000077ee80000,0x000000077ee80000,0x0000000784500000)
 ParOldGen       total 326656K, used 127734K [0x00000005c0000000, 0x00000005d3f00000, 0x0000000715580000)
  object space 326656K, 39% used [0x00000005c0000000,0x00000005c7cbd958,0x00000005d3f00000)
 Metaspace       used 24134K, capacity 24590K, committed 24832K, reserved 1071104K
  class space    used 2631K, capacity 2745K, committed 2816K, reserved 1048576K
}
Event: 302.688 GC heap before
{Heap before GC invocations=11 (full 1):
 PSYoungGen      total 1128960K, used 1060710K [0x0000000715580000, 0x0000000784500000, 0x00000007c0000000)
  eden space 1038848K, 100% used [0x0000000715580000,0x0000000754c00000,0x0000000754c00000)
  from space 90112K, 24% used [0x0000000754c00000,0x0000000756159820,0x000000075a400000)
  to   space 88576K, 0% used [0x000000077ee80000,0x000000077ee80000,0x0000000784500000)
 ParOldGen       total 326656K, used 127734K [0x00000005c0000000, 0x00000005d3f00000, 0x0000000715580000)
  object space 326656K, 39% used [0x00000005c0000000,0x00000005c7cbd958,0x00000005d3f00000)
 Metaspace       used 24626K, capacity 25082K, committed 25344K, reserved 1071104K
  class space    used 2655K, capacity 2779K, committed 2816K, reserved 1048576K
Event: 302.700 GC heap after
Heap after GC invocations=11 (full 1):
 PSYoungGen      total 1713152K, used 17426K [0x0000000715580000, 0x0000000783c00000, 0x00000007c0000000)
  eden space 1633792K, 0% used [0x0000000715580000,0x0000000715580000,0x0000000779100000)
  from space 79360K, 21% used [0x000000077ee80000,0x000000077ff84a78,0x0000000783c00000)
  to   space 87552K, 0% used [0x0000000779100000,0x0000000779100000,0x000000077e680000)
 ParOldGen       total 326656K, used 134380K [0x00000005c0000000, 0x00000005d3f00000, 0x0000000715580000)
  object space 326656K, 41% used [0x00000005c0000000,0x00000005c833b268,0x00000005d3f00000)
 Metaspace       used 24626K, capacity 25082K, committed 25344K, reserved 1071104K
  class space    used 2655K, capacity 2779K, committed 2816K, reserved 1048576K
}
Event: 443.825 GC heap before
{Heap before GC invocations=12 (full 1):
 PSYoungGen      total 1713152K, used 1651218K [0x0000000715580000, 0x0000000783c00000, 0x00000007c0000000)
  eden space 1633792K, 100% used [0x0000000715580000,0x0000000779100000,0x0000000779100000)
  from space 79360K, 21% used [0x000000077ee80000,0x000000077ff84a78,0x0000000783c00000)
  to   space 87552K, 0% used [0x0000000779100000,0x0000000779100000,0x000000077e680000)
 ParOldGen       total 326656K, used 134380K [0x00000005c0000000, 0x00000005d3f00000, 0x0000000715580000)
  object space 326656K, 41% used [0x00000005c0000000,0x00000005c833b268,0x00000005d3f00000)
 Metaspace       used 24781K, capacity 25242K, committed 25344K, reserved 1071104K
  class space    used 2659K, capacity 2811K, committed 2816K, reserved 1048576K
Event: 443.840 GC heap after
Heap after GC invocations=12 (full 1):
 PSYoungGen      total 1721344K, used 18634K [0x0000000715580000, 0x00000007bbc80000, 0x00000007c0000000)
  eden space 1633792K, 0% used [0x0000000715580000,0x0000000715580000,0x0000000779100000)
  from space 87552K, 21% used [0x0000000779100000,0x000000077a332ae8,0x000000077e680000)
  to   space 86016K, 0% used [0x00000007b6880000,0x00000007b6880000,0x00000007bbc80000)
 ParOldGen       total 326656K, used 150491K [0x00000005c0000000, 0x00000005d3f00000, 0x0000000715580000)
  object space 326656K, 46% used [0x00000005c0000000,0x00000005c92f6e10,0x00000005d3f00000)
 Metaspace       used 24781K, capacity 25242K, committed 25344K, reserved 1071104K
  class space    used 2659K, capacity 2811K, committed 2816K, reserved 1048576K
}
Event: 668.336 GC heap before
{Heap before GC invocations=13 (full 1):
 PSYoungGen      total 1721344K, used 1652426K [0x0000000715580000, 0x00000007bbc80000, 0x00000007c0000000)
  eden space 1633792K, 100% used [0x0000000715580000,0x0000000779100000,0x0000000779100000)
  from space 87552K, 21% used [0x0000000779100000,0x000000077a332ae8,0x000000077e680000)
  to   space 86016K, 0% used [0x00000007b6880000,0x00000007b6880000,0x00000007bbc80000)
 ParOldGen       total 326656K, used 150491K [0x00000005c0000000, 0x00000005d3f00000, 0x0000000715580000)
  object space 326656K, 46% used [0x00000005c0000000,0x00000005c92f6e10,0x00000005d3f00000)
 Metaspace       used 25119K, capacity 25586K, committed 25856K, reserved 1073152K
  class space    used 2669K, capacity 2815K, committed 2816K, reserved 1048576K
Event: 668.350 GC heap after
Heap after GC invocations=13 (full 1):
 PSYoungGen      total 2601984K, used 15948K [0x0000000715580000, 0x00000007ba800000, 0x00000007c0000000)
  eden space 2536960K, 0% used [0x0000000715580000,0x0000000715580000,0x00000007b0300000)
  from space 65024K, 24% used [0x00000007b6880000,0x00000007b7813198,0x00000007ba800000)
  to   space 84480K, 0% used [0x00000007b0300000,0x00000007b0300000,0x00000007b5580000)
 ParOldGen       total 326656K, used 168259K [0x00000005c0000000, 0x00000005d3f00000, 0x0000000715580000)
  object space 326656K, 51% used [0x00000005c0000000,0x00000005ca450f60,0x00000005d3f00000)
 Metaspace       used 25119K, capacity 25586K, committed 25856K, reserved 1073152K
  class space    used 2669K, capacity 2815K, committed 2816K, reserved 1048576K
}
Event: 866.575 GC heap before
{Heap before GC invocations=14 (full 1):
 PSYoungGen      total 2601984K, used 2552908K [0x0000000715580000, 0x00000007ba800000, 0x00000007c0000000)
  eden space 2536960K, 100% used [0x0000000715580000,0x00000007b0300000,0x00000007b0300000)
  from space 65024K, 24% used [0x00000007b6880000,0x00000007b7813198,0x00000007ba800000)
  to   space 84480K, 0% used [0x00000007b0300000,0x00000007b0300000,0x00000007b5580000)
 ParOldGen       total 326656K, used 168259K [0x00000005c0000000, 0x00000005d3f00000, 0x0000000715580000)
  object space 326656K, 51% used [0x00000005c0000000,0x00000005ca450f60,0x00000005d3f00000)
 Metaspace       used 25293K, capacity 25778K, committed 25856K, reserved 1073152K
  class space    used 2670K, capacity 2815K, committed 2816K, reserved 1048576K
Event: 866.603 GC heap after
Heap after GC invocations=14 (full 1):
 PSYoungGen      total 2621440K, used 19720K [0x0000000715580000, 0x00000007c0000000, 0x00000007c0000000)
  eden space 2536960K, 0% used [0x0000000715580000,0x0000000715580000,0x00000007b0300000)
  from space 84480K, 23% used [0x00000007b0300000,0x00000007b1642108,0x00000007b5580000)
  to   space 81920K, 0% used [0x00000007bb000000,0x00000007bb000000,0x00000007c0000000)
 ParOldGen       total 326656K, used 182147K [0x00000005c0000000, 0x00000005d3f00000, 0x0000000715580000)
  object space 326656K, 55% used [0x00000005c0000000,0x00000005cb1e0fd0,0x00000005d3f00000)
 Metaspace       used 25293K, capacity 25778K, committed 25856K, reserved 1073152K
  class space    used 2670K, capacity 2815K, committed 2816K, reserved 1048576K
}

