# JRE version: Java(TM) SE Runtime Environment (8.0_311-b11) (build 1.8.0_311-b11)
# Java VM: Java HotSpot(TM) 64-Bit Server VM (25.311-b11 mixed mode bsd-amd64 compressed oops)
Heap:
 PSYoungGen      total 2278400K, used 747899K [0x0000000715580000, 0x00000007bcb80000, 0x00000007c0000000)
  eden space 2275840K, 32% used [0x0000000715580000,0x0000000742dd1c80,0x00000007a0400000)
  from space 2560K, 82% used [0x00000007bc900000,0x00000007bcb0d2e8,0x00000007bcb80000)
  to   space 17408K, 0% used [0x00000007ba980000,0x00000007ba980000,0x00000007bba80000)
 ParOldGen       total 1004032K, used 977220K [0x00000005c0000000, 0x00000005fd480000, 0x0000000715580000)
  object space 1004032K, 97% used [0x00000005c0000000,0x00000005fba51308,0x00000005fd480000)
 Metaspace       used 27731K, capacity 28610K, committed 28928K, reserved 1075200K
  class space    used 2779K, capacity 2968K, committed 3072K, reserved 1048576K
GC Heap History (10 events):
Event: 1140.222 GC heap before
{Heap before GC invocations=422 (full 8):
 PSYoungGen      total 2463232K, used 2441408K [0x0000000715580000, 0x00000007c0000000, 0x00000007c0000000)
  eden space 2441216K, 100% used [0x0000000715580000,0x00000007aa580000,0x00000007aa580000)
  from space 22016K, 0% used [0x00000007aa580000,0x00000007aa5b0000,0x00000007abb00000)
  to   space 20992K, 0% used [0x00000007beb80000,0x00000007beb80000,0x00000007c0000000)
 ParOldGen       total 1004032K, used 961588K [0x00000005c0000000, 0x00000005fd480000, 0x0000000715580000)
  object space 1004032K, 95% used [0x00000005c0000000,0x00000005fab0d018,0x00000005fd480000)
 Metaspace       used 27655K, capacity 28546K, committed 28928K, reserved 1075200K
  class space    used 2775K, capacity 2968K, committed 3072K, reserved 1048576K
Event: 1140.230 GC heap after
Heap after GC invocations=422 (full 8):
 PSYoungGen      total 2769920K, used 2788K [0x0000000715580000, 0x00000007bfc00000, 0x00000007c0000000)
  eden space 2753024K, 0% used [0x0000000715580000,0x0000000715580000,0x00000007bd600000)
  from space 16896K, 16% used [0x00000007beb80000,0x00000007bee39200,0x00000007bfc00000)
  to   space 19456K, 0% used [0x00000007bd600000,0x00000007bd600000,0x00000007be900000)
 ParOldGen       total 1004032K, used 961684K [0x00000005c0000000, 0x00000005fd480000, 0x0000000715580000)
  object space 1004032K, 95% used [0x00000005c0000000,0x00000005fab25018,0x00000005fd480000)
 Metaspace       used 27655K, capacity 28546K, committed 28928K, reserved 1075200K
  class space    used 2775K, capacity 2968K, committed 3072K, reserved 1048576K
}
Event: 1142.470 GC heap before
{Heap before GC invocations=423 (full 8):
 PSYoungGen      total 2769920K, used 2755812K [0x0000000715580000, 0x00000007bfc00000, 0x00000007c0000000)
  eden space 2753024K, 100% used [0x0000000715580000,0x00000007bd600000,0x00000007bd600000)
  from space 16896K, 16% used [0x00000007beb80000,0x00000007bee39200,0x00000007bfc00000)
  to   space 19456K, 0% used [0x00000007bd600000,0x00000007bd600000,0x00000007be900000)
 ParOldGen       total 1004032K, used 961684K [0x00000005c0000000, 0x00000005fd480000, 0x0000000715580000)
  object space 1004032K, 95% used [0x00000005c0000000,0x00000005fab25018,0x00000005fd480000)
 Metaspace       used 27660K, capacity 28546K, committed 28928K, reserved 1075200K
  class space    used 2775K, capacity 2968K, committed 3072K, reserved 1048576K
Event: 1142.478 GC heap after
Heap after GC invocations=423 (full 8):
 PSYoungGen      total 2625536K, used 544K [0x0000000715580000, 0x00000007bec00000, 0x00000007c0000000)
  eden space 2624512K, 0% used [0x0000000715580000,0x0000000715580000,0x00000007b5880000)
  from space 1024K, 53% used [0x00000007bd600000,0x00000007bd688000,0x00000007bd700000)
  to   space 17920K, 0% used [0x00000007bda80000,0x00000007bda80000,0x00000007bec00000)
 ParOldGen       total 1004032K, used 964244K [0x00000005c0000000, 0x00000005fd480000, 0x0000000715580000)
  object space 1004032K, 96% used [0x00000005c0000000,0x00000005fada5350,0x00000005fd480000)
 Metaspace       used 27660K, capacity 28546K, committed 28928K, reserved 1075200K
  class space    used 2775K, capacity 2968K, committed 3072K, reserved 1048576K
}
Event: 1144.023 GC heap before
{Heap before GC invocations=424 (full 8):
 PSYoungGen      total 2625536K, used 2625056K [0x0000000715580000, 0x00000007bec00000, 0x00000007c0000000)
  eden space 2624512K, 100% used [0x0000000715580000,0x00000007b5880000,0x00000007b5880000)
  from space 1024K, 53% used [0x00000007bd600000,0x00000007bd688000,0x00000007bd700000)
  to   space 17920K, 0% used [0x00000007bda80000,0x00000007bda80000,0x00000007bec00000)
 ParOldGen       total 1004032K, used 964244K [0x00000005c0000000, 0x00000005fd480000, 0x0000000715580000)
  object space 1004032K, 96% used [0x00000005c0000000,0x00000005fada5350,0x00000005fd480000)
 Metaspace       used 27660K, capacity 28546K, committed 28928K, reserved 1075200K
  class space    used 2775K, capacity 2968K, committed 3072K, reserved 1048576K
Event: 1144.028 GC heap after
Heap after GC invocations=424 (full 8):
 PSYoungGen      total 2504192K, used 1814K [0x0000000715580000, 0x00000007bdc80000, 0x00000007c0000000)
  eden space 2502144K, 0% used [0x0000000715580000,0x0000000715580000,0x00000007ae100000)
  from space 2048K, 88% used [0x00000007bda80000,0x00000007bdc45988,0x00000007bdc80000)
  to   space 16896K, 0% used [0x00000007bbb80000,0x00000007bbb80000,0x00000007bcc00000)
 ParOldGen       total 1004032K, used 964676K [0x00000005c0000000, 0x00000005fd480000, 0x0000000715580000)
  object space 1004032K, 96% used [0x00000005c0000000,0x00000005fae11350,0x00000005fd480000)
 Metaspace       used 27660K, capacity 28546K, committed 28928K, reserved 1075200K
  class space    used 2775K, capacity 2968K, committed 3072K, reserved 1048576K
}
Event: 1179.205 GC heap before
{Heap before GC invocations=425 (full 8):
 PSYoungGen      total 2504192K, used 2503958K [0x0000000715580000, 0x00000007bdc80000, 0x00000007c0000000)
  eden space 2502144K, 100% used [0x0000000715580000,0x00000007ae100000,0x00000007ae100000)
  from space 2048K, 88% used [0x00000007bda80000,0x00000007bdc45988,0x00000007bdc80000)
  to   space 16896K, 0% used [0x00000007bbb80000,0x00000007bbb80000,0x00000007bcc00000)
 ParOldGen       total 1004032K, used 964676K [0x00000005c0000000, 0x00000005fd480000, 0x0000000715580000)
  object space 1004032K, 96% used [0x00000005c0000000,0x00000005fae11350,0x00000005fd480000)
 Metaspace       used 27684K, capacity 28610K, committed 28928K, reserved 1075200K
  class space    used 2779K, capacity 2968K, committed 3072K, reserved 1048576K
Event: 1179.215 GC heap after
Heap after GC invocations=425 (full 8):
 PSYoungGen      total 2397696K, used 11266K [0x0000000715580000, 0x00000007bdb00000, 0x00000007c0000000)
  eden space 2385920K, 0% used [0x0000000715580000,0x0000000715580000,0x00000007a6f80000)
  from space 11776K, 95% used [0x00000007bbb80000,0x00000007bc680970,0x00000007bc700000)
  to   space 18432K, 0% used [0x00000007bc900000,0x00000007bc900000,0x00000007bdb00000)
 ParOldGen       total 1004032K, used 966739K [0x00000005c0000000, 0x00000005fd480000, 0x0000000715580000)
  object space 1004032K, 96% used [0x00000005c0000000,0x00000005fb014e30,0x00000005fd480000)
 Metaspace       used 27684K, capacity 28610K, committed 28928K, reserved 1075200K
  class space    used 2779K, capacity 2968K, committed 3072K, reserved 1048576K
}
Event: 1187.454 GC heap before
{Heap before GC invocations=426 (full 8):
 PSYoungGen      total 2397696K, used 2397186K [0x0000000715580000, 0x00000007bdb00000, 0x00000007c0000000)
  eden space 2385920K, 100% used [0x0000000715580000,0x00000007a6f80000,0x00000007a6f80000)
  from space 11776K, 95% used [0x00000007bbb80000,0x00000007bc680970,0x00000007bc700000)
  to   space 18432K, 0% used [0x00000007bc900000,0x00000007bc900000,0x00000007bdb00000)
 ParOldGen       total 1004032K, used 966739K [0x00000005c0000000, 0x00000005fd480000, 0x0000000715580000)
  object space 1004032K, 96% used [0x00000005c0000000,0x00000005fb014e30,0x00000005fd480000)
 Metaspace       used 27717K, capacity 28610K, committed 28928K, reserved 1075200K
  class space    used 2779K, capacity 2968K, committed 3072K, reserved 1048576K
Event: 1187.465 GC heap after
Heap after GC invocations=426 (full 8):
 PSYoungGen      total 2278400K, used 2100K [0x0000000715580000, 0x00000007bcb80000, 0x00000007c0000000)
  eden space 2275840K, 0% used [0x0000000715580000,0x0000000715580000,0x00000007a0400000)
  from space 2560K, 82% used [0x00000007bc900000,0x00000007bcb0d2e8,0x00000007bcb80000)
  to   space 17408K, 0% used [0x00000007ba980000,0x00000007ba980000,0x00000007bba80000)
 ParOldGen       total 1004032K, used 977220K [0x00000005c0000000, 0x00000005fd480000, 0x0000000715580000)
  object space 1004032K, 97% used [0x00000005c0000000,0x00000005fba51308,0x00000005fd480000)
 Metaspace       used 27717K, capacity 28610K, committed 28928K, reserved 1075200K
  class space    used 2779K, capacity 2968K, committed 3072K, reserved 1048576K
}

